<?xml version="1.0" encoding="UTF-8"?>
<testsuite name="RestAssuredProject"
           tests="2"
           failures="0"
           errors="0"
           skipped="0"
           time="0.002">
    <properties></properties>



            <testcase
                name="test2"
                time="0.001"
                classname="com.testing.restassured.handson.TestNGAnnotationsExample">
            </testcase>
            <testcase
                name="test1"
                time="0.001"
                classname="com.testing.restassured.handson.TestNGAnnotationsExample">
            </testcase>
</testsuite>
