<?xml version="1.0" encoding="UTF-8"?>
<testsuite name="RestAssuredProject"
           tests="2"
           failures="0"
           errors="0"
           skipped="0"
           time="0.086">
    <properties></properties>



            <testcase
                name="getRequest2"
                time="0.003"
                classname="com.testing.restassured.handson.SampleTest">
            </testcase>
            <testcase
                name="getRequest"
                time="0.083"
                classname="com.testing.restassured.handson.SampleTest">
            </testcase>
</testsuite>
